<?xml version="1.0" encoding="UTF-8"?>
<!-- Generated by org.testng.reporters.JUnitReportReporter -->
<testsuite hostname="janaki" failures="0" tests="1" name="testPackage.ParameterTest" time="0.037" errors="0" timestamp="2025-03-27T13:48:05 IST" skipped="0">
  <testcase classname="testPackage.ParameterTest" name="testCase4" time="0.037"/>
</testsuite> <!-- testPackage.ParameterTest -->
