<?xml version="1.0" encoding="UTF-8"?>
<!-- Generated by org.testng.reporters.JUnitReportReporter -->
<testsuite hostname="janaki" failures="0" tests="3" name="sample.sample" time="36.653" errors="0" timestamp="2025-03-11T14:29:53 IST" skipped="0">
  <testcase classname="sample.sample" name="testCase1" time="12.144"/>
  <testcase classname="sample.sample" name="testCase2" time="12.612"/>
  <testcase classname="sample.sample" name="testCase3" time="11.897"/>
</testsuite> <!-- sample.sample -->
