<?xml version="1.0" encoding="UTF-8"?>
<!-- Generated by org.testng.reporters.JUnitReportReporter -->
<testsuite hostname="janaki" failures="0" tests="3" name="testPackage.dataSupply" time="0.000" errors="0" timestamp="2025-03-26T12:48:43 IST" skipped="0">
  <testcase classname="testPackage.dataSupply" name="contactDetails" time="0.000"/>
  <testcase classname="testPackage.dataSupply" name="contactDetails" time="0.000"/>
  <testcase classname="testPackage.dataSupply" name="contactDetails" time="0.000"/>
</testsuite> <!-- testPackage.dataSupply -->
