<?xml version="1.0" encoding="UTF-8"?>
<!-- Generated by org.testng.reporters.JUnitReportReporter -->
<testsuite hostname="janaki" failures="0" tests="1" name="testPackage.ParameterTestClass" time="0.012" errors="0" timestamp="2025-03-26T12:48:43 IST" skipped="0">
  <testcase classname="testPackage.ParameterTestClass" name="getDAtaFrommaven" time="0.012"/>
</testsuite> <!-- testPackage.ParameterTestClass -->
