<?xml version="1.0" encoding="UTF-8"?>
<!-- Generated by org.testng.reporters.JUnitReportReporter -->
<testsuite hostname="janaki" failures="0" tests="2" name="testPackage.Scenario1" time="46.362" errors="0" timestamp="2025-03-26T12:48:43 IST" skipped="0">
  <testcase classname="testPackage.Scenario1" name="moveToLeadpage" time="25.558"/>
  <testcase classname="testPackage.Scenario1" name="moveToOrganizationPage" time="20.804"/>
</testsuite> <!-- testPackage.Scenario1 -->
