<?xml version="1.0" encoding="UTF-8"?>
<!-- Generated by org.testng.reporters.JUnitReportReporter -->
<testsuite hostname="janaki" failures="0" tests="5" name="testPackage.AttributesTest" time="88.671" errors="0" timestamp="2025-04-07T12:53:48 IST" skipped="0">
  <testcase classname="testPackage.AttributesTest" name="moveToCalenderPage2" time="17.993">
    <system-out>
      <![CDATA[moveToCalenderPage2 Execution Started
moveToCalenderPage2 Execution success]]>
    </system-out>
  </testcase> <!-- moveToCalenderPage2 -->
  <testcase classname="testPackage.AttributesTest" name="moveToOrganizationPage" time="17.304">
    <system-out>
      <![CDATA[moveToOrganizationPage Execution Started
moveToOrganizationPage Execution success]]>
    </system-out>
  </testcase> <!-- moveToOrganizationPage -->
  <testcase classname="testPackage.AttributesTest" name="moveToLeadspage" time="17.094">
    <system-out>
      <![CDATA[moveToLeadspage Execution Started
moveToLeadspage Execution success]]>
    </system-out>
  </testcase> <!-- moveToLeadspage -->
  <testcase classname="testPackage.AttributesTest" name="moveToCalenderPage" time="17.420">
    <system-out>
      <![CDATA[moveToCalenderPage Execution Started
moveToCalenderPage Execution success]]>
    </system-out>
  </testcase> <!-- moveToCalenderPage -->
  <testcase classname="testPackage.AttributesTest" name="moveToContactsPage" time="18.860">
    <system-out>
      <![CDATA[moveToContactsPage Execution Started
moveToContactsPage Execution success]]>
    </system-out>
  </testcase> <!-- moveToContactsPage -->
  <system-out>
    <![CDATA[createContact Execution Started
createContact Execution success
createContact Execution Started
createContact Execution success
createContact Execution Started
createContact Execution success
moveToCalenderPage Execution Started
moveToCalenderPage Execution success
moveToCalenderPage2 Execution Started
moveToCalenderPage2 Execution success
moveToContactsPage Execution Started
moveToContactsPage Execution success
moveToLeadspage Execution Started
moveToLeadspage Execution success
moveToOrganizationPage Execution Started
moveToOrganizationPage Execution success]]>
  </system-out>
</testsuite> <!-- testPackage.AttributesTest -->
