<?xml version="1.0" encoding="UTF-8"?>
<!-- Generated by org.testng.reporters.JUnitReportReporter -->
<testsuite hostname="janaki" failures="0" tests="3" name="testPackage.ContactTest" time="79.395" errors="0" timestamp="2025-04-07T12:53:48 IST" skipped="0">
  <testcase classname="testPackage.ContactTest" name="createContact" time="26.267">
    <system-out>
      <![CDATA[createContact Execution Started
createContact Execution success]]>
    </system-out>
  </testcase> <!-- createContact -->
  <testcase classname="testPackage.ContactTest" name="createContact" time="26.931">
    <system-out>
      <![CDATA[createContact Execution Started
createContact Execution success]]>
    </system-out>
  </testcase> <!-- createContact -->
  <testcase classname="testPackage.ContactTest" name="createContact" time="26.197">
    <system-out>
      <![CDATA[createContact Execution Started
createContact Execution success]]>
    </system-out>
  </testcase> <!-- createContact -->
  <system-out>
    <![CDATA[createContact Execution Started
createContact Execution success
createContact Execution Started
createContact Execution success
createContact Execution Started
createContact Execution success
moveToCalenderPage Execution Started
moveToCalenderPage Execution success
moveToCalenderPage2 Execution Started
moveToCalenderPage2 Execution success
moveToContactsPage Execution Started
moveToContactsPage Execution success
moveToLeadspage Execution Started
moveToLeadspage Execution success
moveToOrganizationPage Execution Started
moveToOrganizationPage Execution success]]>
  </system-out>
</testsuite> <!-- testPackage.ContactTest -->
